[Licensing::Module] Trying to connect to existing licensing client channel...
Built from '6000.2/respin/6000.2.7f1-2eb0c79396db' branch; Version is '6000.2.7f2 (2b518236b676) revision 2838914'; Using compiler version '194234433'; Build Type 'Release'
[Licensing::IpcConnector] Successfully connected to: "LicenseClient-thoma" at "2025-10-16T10:16:52.8107166Z"
OS: 'Windows 11  (10.0.26100) 64bit Core' Language: 'fr' Physical Memory: 16308 MB
BatchMode: 1, IsHumanControllingUs: 0, StartBugReporterOnCrash: 0, Is64bit: 1
Date: 2025-10-16T10:16:52Z

COMMAND LINE ARGUMENTS:
G:\editor\6000.2.7f2\Editor\Unity.exe
-adb2
-batchMode
-noUpm
-name
AssetImportWorker0
-projectPath
G:/unitygames/TripleDot-Technical-Artist-Test
-logFile
Logs/AssetImportWorker0.log
-srvPort
61997
-licensingIpc
LicenseClient-thoma
-job-worker-count
7
-background-job-worker-count
8
-gc-helper-count
1
-name
AssetImport
Successfully changed project path to: G:/unitygames/TripleDot-Technical-Artist-Test
G:/unitygames/TripleDot-Technical-Artist-Test
[UnityMemory] Configuration Parameters - Can be set up in boot.config
    "memorysetup-allocator-temp-initial-block-size-main=262144"
    "memorysetup-allocator-temp-initial-block-size-worker=262144"
    "memorysetup-bucket-allocator-granularity=16"
    "memorysetup-bucket-allocator-bucket-count=8"
    "memorysetup-bucket-allocator-block-size=33554432"
    "memorysetup-bucket-allocator-block-count=8"
    "memorysetup-main-allocator-block-size=16777216"
    "memorysetup-thread-allocator-block-size=16777216"
    "memorysetup-gfx-main-allocator-block-size=16777216"
    "memorysetup-gfx-thread-allocator-block-size=16777216"
    "memorysetup-cache-allocator-block-size=4194304"
    "memorysetup-typetree-allocator-block-size=2097152"
    "memorysetup-profiler-bucket-allocator-granularity=16"
    "memorysetup-profiler-bucket-allocator-bucket-count=8"
    "memorysetup-profiler-bucket-allocator-block-size=33554432"
    "memorysetup-profiler-bucket-allocator-block-count=8"
    "memorysetup-profiler-allocator-block-size=16777216"
    "memorysetup-profiler-editor-allocator-block-size=1048576"
    "memorysetup-temp-allocator-size-main=16777216"
    "memorysetup-job-temp-allocator-block-size=2097152"
    "memorysetup-job-temp-allocator-block-size-background=1048576"
    "memorysetup-job-temp-allocator-reduction-small-platforms=262144"
    "memorysetup-temp-allocator-size-background-worker=32768"
    "memorysetup-temp-allocator-size-job-worker=262144"
    "memorysetup-temp-allocator-size-preload-manager=33554432"
    "memorysetup-temp-allocator-size-nav-mesh-worker=65536"
    "memorysetup-temp-allocator-size-audio-worker=65536"
    "memorysetup-temp-allocator-size-cloud-worker=32768"
    "memorysetup-temp-allocator-size-gi-baking-worker=262144"
    "memorysetup-temp-allocator-size-gi-baking-worker=262144"
    "memorysetup-temp-allocator-size-gi-baking-worker=262144"
    "memorysetup-temp-allocator-size-gi-baking-worker=262144"
    "memorysetup-temp-allocator-size-gi-baking-worker=262144"
    "memorysetup-temp-allocator-size-gfx=262144"
Player connection [10960]  Target information:

Player connection [10960]  * "[IP] 192.168.1.14 [Port] 0 [Flags] 2 [Guid] 2670947990 [EditorId] 2670947990 [Version] 1048832 [Id] WindowsEditor(7,DESKTOP-J59DT6P) [Debug] 1 [PackageName] WindowsEditor [ProjectName] Editor" 

Player connection [10960] Host joined multi-casting on [225.0.0.222:54997]...
Player connection [10960] Host joined alternative multi-casting on [225.0.0.222:34997]...
JobSystem: Creating JobQueue using job-worker-count value 7
Input System module state changed to: Initialized.
[Physics::Module] Initialized fallback backend.
[Physics::Module] Id: 0xdecafbad
[Licensing::Client] Code 10 while verifying Licensing Client signature (process Id: 20160, path: "G:/Unity/Unity Hub/UnityLicensingClient_V1/Unity.Licensing.Client.exe")
[Licensing::Module] LicensingClient has failed validation; ignoring
[Licensing::Client] Handshaking with LicensingClient:
  Version:                 1.17.3+a4e98f1
  Session Id:              d52b485d10f04dcbab75246f62271dd5
  Correlation Id:          a50fd7df5d57e6ca68b4075e250eaec6
  External correlation Id: 7159506906673669534
  Machine Id:              yXuKLFvH62t/KfWeRkLTThiUxm0=
[Licensing::Module] Successfully connected to LicensingClient on channel: "LicenseClient-thoma" (connect: 0.00s, validation: 0.00s, handshake: 0.04s)
[Licensing::IpcConnector] Successfully connected to: "LicenseClient-thoma-notifications" at "2025-10-16T10:16:52.8516275Z"
[Licensing::Module] Licensing Background thread has ended after 0.04s
Library Redirect Path: Library/
[Physics::Module] Selected backend.
[Physics::Module] Name: PhysX
[Physics::Module] Id: 0xf2b8ea05
[Physics::Module] SDK Version: 4.1.2
[Physics::Module] Integration Version: 1.0.0
[Physics::Module] Threading Mode: Multi-Threaded
Refreshing native plugins compatible for Editor in 2.26 ms, found 3 plugins.
Preloading 0 native plugins for Editor in 0.00 ms.
Initialize engine version: 6000.2.7f2 (2b518236b676)
[Subsystems] Discovering subsystems at path G:/editor/6000.2.7f2/Editor/Data/Resources/UnitySubsystems
[Subsystems] Discovering subsystems at path G:/unitygames/TripleDot-Technical-Artist-Test/Assets
GfxDevice: creating device client; kGfxThreadingModeNonThreaded
Direct3D:
    Version:  Direct3D 11.0 [level 11.1]
    Renderer: NVIDIA GeForce RTX 2070 SUPER (ID=0x1e84)
    Vendor:   NVIDIA
    VRAM:     7989 MB
    Driver:   32.0.15.8088
Initialize mono
Mono path[0] = 'G:/editor/6000.2.7f2/Editor/Data/Managed'
Mono path[1] = 'G:/editor/6000.2.7f2/Editor/Data/MonoBleedingEdge/lib/mono/unityjit-win32'
Mono config path = 'G:/editor/6000.2.7f2/Editor/Data/MonoBleedingEdge/etc'
Using monoOptions --debugger-agent=transport=dt_socket,embedding=1,server=y,suspend=n,address=127.0.0.1:56172
Begin MonoManager ReloadAssembly
Registering precompiled unity dll's ...
Register platform support module: G:/editor/6000.2.7f2/Editor/Data/PlaybackEngines/WindowsStandaloneSupport/UnityEditor.WindowsStandalone.Extensions.dll
[Licensing::Client] Successfully resolved entitlement details
[Licensing::Module] License group:
  Id: 9071693784742-UnityPersXXXX
  Product: Unity Personal
  Type: Assigned
  Expiration: Unlimited
Register platform support module: G:/editor/6000.2.7f2/Editor/Data/PlaybackEngines/AndroidPlayer/UnityEditor.Android.Extensions.dll
[Licensing::Client] Successfully resolved entitlement details
Register platform support module: G:/editor/6000.2.7f2/Editor/Data/PlaybackEngines/iOSSupport/UnityEditor.iOS.Extensions.dll
Registered in 0.005573 seconds.
- Loaded All Assemblies, in  0.417 seconds
[usbmuxd] Start listen thread
[usbmuxd] Listen thread started
Native extension for iOS target not found
Native extension for Android target not found
Android Extension - Scanning For ADB Devices 254 ms
Native extension for WindowsStandalone target not found
Mono: successfully reloaded assembly
- Finished resetting the current domain, in  0.685 seconds
Domain Reload Profiling: 1103ms
	BeginReloadAssembly (137ms)
		ExecutionOrderSort (0ms)
		DisableScriptedObjects (0ms)
		BackupInstance (0ms)
		ReleaseScriptingObjects (0ms)
		CreateAndSetChildDomain (1ms)
	RebuildCommonClasses (39ms)
	RebuildNativeTypeToScriptingClass (13ms)
	initialDomainReloadingComplete (50ms)
	LoadAllAssembliesAndSetupDomain (177ms)
		LoadAssemblies (138ms)
		RebuildTransferFunctionScriptingTraits (0ms)
		AnalyzeDomain (173ms)
			TypeCache.Refresh (172ms)
				TypeCache.ScanAssembly (156ms)
			BuildScriptInfoCaches (0ms)
			ResolveRequiredComponents (0ms)
	FinalizeReload (686ms)
		ReleaseScriptCaches (0ms)
		RebuildScriptCaches (0ms)
		SetupLoadedEditorAssemblies (634ms)
			LogAssemblyErrors (0ms)
			InitializePlatformSupportModulesInManaged (368ms)
			SetLoadedEditorAssemblies (4ms)
			BeforeProcessingInitializeOnLoad (74ms)
			ProcessInitializeOnLoadAttributes (123ms)
			ProcessInitializeOnLoadMethodAttributes (64ms)
			AfterProcessingInitializeOnLoad (0ms)
			EditorAssembliesLoaded (0ms)
		ExecutionOrderSort2 (0ms)
		AwakeInstancesAfterBackupRestoration (0ms)
========================================================================
Worker process is ready to serve import requests
Import Worker Mode flag is 0x00
Begin MonoManager ReloadAssembly
[Licensing::Client] Successfully resolved entitlement details
Symbol file LoadedFromMemory is not a mono symbol file
- Loaded All Assemblies, in  0.934 seconds
Refreshing native plugins compatible for Editor in 0.92 ms, found 3 plugins.
Native extension for iOS target not found
Native extension for Android target not found
Native extension for WindowsStandalone target not found
Package Manager log level set to [2]
[Package Manager] Failed to launch server process. Reason: Unity was launched with the -noUpm command-line argument
[Package Manager] Unable to send message (not connected to server process).
[Package Manager] Cannot connect to Unity Package Manager local server
Mono: successfully reloaded assembly
- Finished resetting the current domain, in  0.803 seconds
Domain Reload Profiling: 1736ms
	BeginReloadAssembly (196ms)
		ExecutionOrderSort (0ms)
		DisableScriptedObjects (7ms)
		BackupInstance (0ms)
		ReleaseScriptingObjects (0ms)
		CreateAndSetChildDomain (32ms)
	RebuildCommonClasses (40ms)
	RebuildNativeTypeToScriptingClass (16ms)
	initialDomainReloadingComplete (41ms)
	LoadAllAssembliesAndSetupDomain (639ms)
		LoadAssemblies (410ms)
		RebuildTransferFunctionScriptingTraits (0ms)
		AnalyzeDomain (339ms)
			TypeCache.Refresh (248ms)
				TypeCache.ScanAssembly (227ms)
			BuildScriptInfoCaches (71ms)
			ResolveRequiredComponents (15ms)
	FinalizeReload (804ms)
		ReleaseScriptCaches (0ms)
		RebuildScriptCaches (0ms)
		SetupLoadedEditorAssemblies (658ms)
			LogAssemblyErrors (0ms)
			InitializePlatformSupportModulesInManaged (14ms)
			SetLoadedEditorAssemblies (3ms)
			BeforeProcessingInitializeOnLoad (148ms)
			ProcessInitializeOnLoadAttributes (431ms)
			ProcessInitializeOnLoadMethodAttributes (59ms)
			AfterProcessingInitializeOnLoad (2ms)
			EditorAssembliesLoaded (0ms)
		ExecutionOrderSort2 (0ms)
		AwakeInstancesAfterBackupRestoration (6ms)
WARNING: Shader Unsupported: 'Hidden/Universal Render Pipeline/Terrain/Lit (Base Pass)' - All subshaders removed
WARNING: Shader Did you use #pragma only_renderers and omit this platform?
WARNING: Shader If subshaders removal was intentional, you may have forgotten turning Fallback off?
WARNING: Shader Unsupported: 'Hidden/Universal Render Pipeline/Terrain/Lit (Base Pass)' - All subshaders removed
WARNING: Shader Did you use #pragma only_renderers and omit this platform?
WARNING: Shader If subshaders removal was intentional, you may have forgotten turning Fallback off?
WARNING: Shader Unsupported: 'Universal Render Pipeline/Terrain/Lit' - All subshaders removed
WARNING: Shader Did you use #pragma only_renderers and omit this platform?
WARNING: Shader If subshaders removal was intentional, you may have forgotten turning Fallback off?
WARNING: Shader Unsupported: 'Universal Render Pipeline/Terrain/Lit' - All subshaders removed
WARNING: Shader Did you use #pragma only_renderers and omit this platform?
WARNING: Shader If subshaders removal was intentional, you may have forgotten turning Fallback off?
Launched and connected shader compiler UnityShaderCompiler.exe after 0.01 seconds
Refreshing native plugins compatible for Editor in 1.12 ms, found 3 plugins.
Preloading 0 native plugins for Editor in 0.00 ms.
Unloading 33 Unused Serialized files (Serialized files now loaded: 0)
Unloading 7222 unused Assets / (7.4 MB). Loaded Objects now: 7814.
Memory consumption went from 146.4 MB to 139.0 MB.
Total: 12.479900 ms (FindLiveObjects: 1.137900 ms CreateObjectMapping: 0.465400 ms MarkObjects: 6.791300 ms  DeleteObjects: 4.083600 ms)

========================================================================
Received Import Request.
  Time since last request: 67274.167156 seconds.
  path: Assets/Sprites/Home/Top_Bar/HomeScreen_TopBar_Button_Bg_Green.png
  artifactKey: Guid(83b81bc0c6e6a1044a4d38e406b2c1f1) Importer(815301076,1909f56bfc062723c751e8b465ee728b)
Start importing Assets/Sprites/Home/Top_Bar/HomeScreen_TopBar_Button_Bg_Green.png using Guid(83b81bc0c6e6a1044a4d38e406b2c1f1) Importer(815301076,1909f56bfc062723c751e8b465ee728b) (PreviewImporter) -> (artifact id: 'debfb65ed4d8dee8a7e73e13900c9577') in 0.083365 seconds
Number of updated asset objects reloaded before import = 0Number of asset objects unloaded after import = 3

========================================================================
Received Import Request.
  Time since last request: 2.749181 seconds.
  path: Assets/Sprites/Home/Top_Bar/HomeScreen_TopBar_Button_Bg_Green.png
  artifactKey: Guid(83b81bc0c6e6a1044a4d38e406b2c1f1) Importer(815301076,1909f56bfc062723c751e8b465ee728b)
Start importing Assets/Sprites/Home/Top_Bar/HomeScreen_TopBar_Button_Bg_Green.png using Guid(83b81bc0c6e6a1044a4d38e406b2c1f1) Importer(815301076,1909f56bfc062723c751e8b465ee728b) (PreviewImporter) -> (artifact id: 'cdfef7fc12a8a595ee8022333f388ad3') in 0.0209109 seconds
Number of updated asset objects reloaded before import = 0Number of asset objects unloaded after import = 3

========================================================================
Received Import Request.
  Time since last request: 20.520768 seconds.
  path: Assets/Sprites/Home/Bottom_Bar/Icons/BottomBar_Home.png
  artifactKey: Guid(984c7ed328831f74f9ba9d7b75258452) Importer(815301076,1909f56bfc062723c751e8b465ee728b)
Start importing Assets/Sprites/Home/Bottom_Bar/Icons/BottomBar_Home.png using Guid(984c7ed328831f74f9ba9d7b75258452) Importer(815301076,1909f56bfc062723c751e8b465ee728b) (PreviewImporter) -> (artifact id: '4273ab34ba25f79bbb11198998a2846a') in 0.0318386 seconds
Number of updated asset objects reloaded before import = 0Number of asset objects unloaded after import = 3

========================================================================
Received Import Request.
  Time since last request: 9.322528 seconds.
  path: Assets/Sprites/Home/Bottom_Bar/Icons/BottomBar_Home.png
  artifactKey: Guid(984c7ed328831f74f9ba9d7b75258452) Importer(815301076,1909f56bfc062723c751e8b465ee728b)
Start importing Assets/Sprites/Home/Bottom_Bar/Icons/BottomBar_Home.png using Guid(984c7ed328831f74f9ba9d7b75258452) Importer(815301076,1909f56bfc062723c751e8b465ee728b) (PreviewImporter) -> (artifact id: '94e846c7ca5c25650f511952f38ba697') in 0.0331646 seconds
Number of updated asset objects reloaded before import = 0Number of asset objects unloaded after import = 3

========================================================================
Received Import Request.
  Time since last request: 14.515684 seconds.
  path: Assets/Sprites/Home/Top_Bar/HomeScreen_TopBar_Button_Bg_Blue.png
  artifactKey: Guid(384a3f85e66205c44a8825380de8b13c) Importer(815301076,1909f56bfc062723c751e8b465ee728b)
Start importing Assets/Sprites/Home/Top_Bar/HomeScreen_TopBar_Button_Bg_Blue.png using Guid(384a3f85e66205c44a8825380de8b13c) Importer(815301076,1909f56bfc062723c751e8b465ee728b) (PreviewImporter) -> (artifact id: '1fa31d8e15bc3e7ea6baec09310a22ff') in 0.0211576 seconds
Number of updated asset objects reloaded before import = 0Number of asset objects unloaded after import = 3

========================================================================
Received Import Request.
  Time since last request: 8.809946 seconds.
  path: Assets/Sprites/Home/Bottom_Bar/HomeScreen_Button.png
  artifactKey: Guid(c6426836723afbf4ba2b0b92a329c307) Importer(815301076,1909f56bfc062723c751e8b465ee728b)
Start importing Assets/Sprites/Home/Bottom_Bar/HomeScreen_Button.png using Guid(c6426836723afbf4ba2b0b92a329c307) Importer(815301076,1909f56bfc062723c751e8b465ee728b) (PreviewImporter) -> (artifact id: 'fd0eb9d9feb2a20f9b8cc299ad3f3dc6') in 0.0323288 seconds
Number of updated asset objects reloaded before import = 0Number of asset objects unloaded after import = 3

========================================================================
Received Import Request.
  Time since last request: 3.417728 seconds.
  path: Assets/Sprites/Home/Bottom_Bar/HomeScreen_Button.png
  artifactKey: Guid(c6426836723afbf4ba2b0b92a329c307) Importer(815301076,1909f56bfc062723c751e8b465ee728b)
Start importing Assets/Sprites/Home/Bottom_Bar/HomeScreen_Button.png using Guid(c6426836723afbf4ba2b0b92a329c307) Importer(815301076,1909f56bfc062723c751e8b465ee728b) (PreviewImporter) -> (artifact id: 'dd77c7505398c4a402fbf962a63d1467') in 0.0302475 seconds
Number of updated asset objects reloaded before import = 0Number of asset objects unloaded after import = 3

========================================================================
Received Import Request.
  Time since last request: 2.769957 seconds.
  path: Assets/Sprites/Home/Bottom_Bar/HomeScreen_Button.png
  artifactKey: Guid(c6426836723afbf4ba2b0b92a329c307) Importer(815301076,1909f56bfc062723c751e8b465ee728b)
Start importing Assets/Sprites/Home/Bottom_Bar/HomeScreen_Button.png using Guid(c6426836723afbf4ba2b0b92a329c307) Importer(815301076,1909f56bfc062723c751e8b465ee728b) (PreviewImporter) -> (artifact id: 'f6979b2f01fdb85766e82860b964a07f') in 0.028747 seconds
Number of updated asset objects reloaded before import = 0Number of asset objects unloaded after import = 3

========================================================================
Received Import Request.
  Time since last request: 6.704739 seconds.
  path: Assets/Sprites/Home/Bottom_Bar/HomeScreen_MenuBar.png
  artifactKey: Guid(b69c07069d133b6488c1d572a213fa0d) Importer(815301076,1909f56bfc062723c751e8b465ee728b)
Start importing Assets/Sprites/Home/Bottom_Bar/HomeScreen_MenuBar.png using Guid(b69c07069d133b6488c1d572a213fa0d) Importer(815301076,1909f56bfc062723c751e8b465ee728b) (PreviewImporter) -> (artifact id: '2504ec8f3944d71a75e50e568f632e4f') in 0.0172501 seconds
Number of updated asset objects reloaded before import = 0Number of asset objects unloaded after import = 3

========================================================================
Received Import Request.
  Time since last request: 2.423024 seconds.
  path: Assets/Sprites/Home/Bottom_Bar/HomeScreen_MenuBar.png
  artifactKey: Guid(b69c07069d133b6488c1d572a213fa0d) Importer(815301076,1909f56bfc062723c751e8b465ee728b)
Start importing Assets/Sprites/Home/Bottom_Bar/HomeScreen_MenuBar.png using Guid(b69c07069d133b6488c1d572a213fa0d) Importer(815301076,1909f56bfc062723c751e8b465ee728b) (PreviewImporter) -> (artifact id: 'c57d3aee5c7fdd88575e485b72a48d45') in 0.0161821 seconds
Number of updated asset objects reloaded before import = 0Number of asset objects unloaded after import = 3

========================================================================
Received Import Request.
  Time since last request: 2.516099 seconds.
  path: Assets/Sprites/Home/Bottom_Bar/HomeScreen_MenuBar.png
  artifactKey: Guid(b69c07069d133b6488c1d572a213fa0d) Importer(815301076,1909f56bfc062723c751e8b465ee728b)
Start importing Assets/Sprites/Home/Bottom_Bar/HomeScreen_MenuBar.png using Guid(b69c07069d133b6488c1d572a213fa0d) Importer(815301076,1909f56bfc062723c751e8b465ee728b) (PreviewImporter) -> (artifact id: 'ca9b25d54d4807224d941ea837d18fcc') in 0.0293691 seconds
Number of updated asset objects reloaded before import = 0Number of asset objects unloaded after import = 3

========================================================================
Received Import Request.
  Time since last request: 3.022937 seconds.
  path: Assets/Sprites/Home/Bottom_Bar/HomeScreen_MenuBar.png
  artifactKey: Guid(b69c07069d133b6488c1d572a213fa0d) Importer(815301076,1909f56bfc062723c751e8b465ee728b)
Start importing Assets/Sprites/Home/Bottom_Bar/HomeScreen_MenuBar.png using Guid(b69c07069d133b6488c1d572a213fa0d) Importer(815301076,1909f56bfc062723c751e8b465ee728b) (PreviewImporter) -> (artifact id: '864bf56f676bac3391fb0407bb0d2872') in 0.0159349 seconds
Number of updated asset objects reloaded before import = 0Number of asset objects unloaded after import = 3

========================================================================
Received Import Request.
  Time since last request: 2.834177 seconds.
  path: Assets/Sprites/Home/Bottom_Bar/HomeScreen_MenuBar.png
  artifactKey: Guid(b69c07069d133b6488c1d572a213fa0d) Importer(815301076,1909f56bfc062723c751e8b465ee728b)
Start importing Assets/Sprites/Home/Bottom_Bar/HomeScreen_MenuBar.png using Guid(b69c07069d133b6488c1d572a213fa0d) Importer(815301076,1909f56bfc062723c751e8b465ee728b) (PreviewImporter) -> (artifact id: '7fb36ee2f0402e27c485a7a77e6b7102') in 0.0177097 seconds
Number of updated asset objects reloaded before import = 0Number of asset objects unloaded after import = 3

========================================================================
Received Import Request.
  Time since last request: 89.654985 seconds.
  path: Assets/Sprites/MissionCompleted/Buttons/level_completed_GreenButton.png
  artifactKey: Guid(397ad0c1c6ad66348b372fae6951c5e1) Importer(815301076,1909f56bfc062723c751e8b465ee728b)
Start importing Assets/Sprites/MissionCompleted/Buttons/level_completed_GreenButton.png using Guid(397ad0c1c6ad66348b372fae6951c5e1) Importer(815301076,1909f56bfc062723c751e8b465ee728b) (PreviewImporter) -> (artifact id: '6d16b03f12a4c6d2525171b14ddacafc') in 0.0203419 seconds
Number of updated asset objects reloaded before import = 0Number of asset objects unloaded after import = 3

========================================================================
Received Import Request.
  Time since last request: 3.394674 seconds.
  path: Assets/Sprites/MissionCompleted/Buttons/level_completed_GreenButton.png
  artifactKey: Guid(397ad0c1c6ad66348b372fae6951c5e1) Importer(815301076,1909f56bfc062723c751e8b465ee728b)
Start importing Assets/Sprites/MissionCompleted/Buttons/level_completed_GreenButton.png using Guid(397ad0c1c6ad66348b372fae6951c5e1) Importer(815301076,1909f56bfc062723c751e8b465ee728b) (PreviewImporter) -> (artifact id: 'e180842c53984b21506e7a4ddede1ce3') in 0.0186741 seconds
Number of updated asset objects reloaded before import = 0Number of asset objects unloaded after import = 3

========================================================================
Received Import Request.
  Time since last request: 3.305102 seconds.
  path: Assets/Sprites/MissionCompleted/Buttons/level_completed_GreenButton.png
  artifactKey: Guid(397ad0c1c6ad66348b372fae6951c5e1) Importer(815301076,1909f56bfc062723c751e8b465ee728b)
Start importing Assets/Sprites/MissionCompleted/Buttons/level_completed_GreenButton.png using Guid(397ad0c1c6ad66348b372fae6951c5e1) Importer(815301076,1909f56bfc062723c751e8b465ee728b) (PreviewImporter) -> (artifact id: '68ea442bd84c6dac918eb1ddfb7a7e3d') in 0.0171612 seconds
Number of updated asset objects reloaded before import = 0Number of asset objects unloaded after import = 3

========================================================================
Received Import Request.
  Time since last request: 11.413878 seconds.
  path: Assets/Sprites/MissionCompleted/Icons/level_completed_Icon_PlayAds.png
  artifactKey: Guid(86dc5018f95182d41b257625b4e230a0) Importer(815301076,1909f56bfc062723c751e8b465ee728b)
Start importing Assets/Sprites/MissionCompleted/Icons/level_completed_Icon_PlayAds.png using Guid(86dc5018f95182d41b257625b4e230a0) Importer(815301076,1909f56bfc062723c751e8b465ee728b) (PreviewImporter) -> (artifact id: '54588771624110650717dae5a123bdb4') in 0.0185353 seconds
Number of updated asset objects reloaded before import = 0Number of asset objects unloaded after import = 3

========================================================================
Received Import Request.
  Time since last request: 3.571304 seconds.
  path: Assets/Sprites/MissionCompleted/Icons/level_completed_Icon_PlayAds.png
  artifactKey: Guid(86dc5018f95182d41b257625b4e230a0) Importer(815301076,1909f56bfc062723c751e8b465ee728b)
Start importing Assets/Sprites/MissionCompleted/Icons/level_completed_Icon_PlayAds.png using Guid(86dc5018f95182d41b257625b4e230a0) Importer(815301076,1909f56bfc062723c751e8b465ee728b) (PreviewImporter) -> (artifact id: '97f11468febfe50a4ffaf6aeec686130') in 0.0192069 seconds
Number of updated asset objects reloaded before import = 0Number of asset objects unloaded after import = 3

========================================================================
Received Import Request.
  Time since last request: 18.140975 seconds.
  path: Assets/Sprites/MissionCompleted/level_completed_Bg_Gradient.png
  artifactKey: Guid(8b08882da9fd59a4eb1faab47526a92a) Importer(815301076,1909f56bfc062723c751e8b465ee728b)
Start importing Assets/Sprites/MissionCompleted/level_completed_Bg_Gradient.png using Guid(8b08882da9fd59a4eb1faab47526a92a) Importer(815301076,1909f56bfc062723c751e8b465ee728b) (PreviewImporter) -> (artifact id: '7eee45255a7842bd41cef770239bd497') in 0.0322591 seconds
Number of updated asset objects reloaded before import = 0Number of asset objects unloaded after import = 3

========================================================================
Received Import Request.
  Time since last request: 5.640671 seconds.
  path: Assets/Sprites/MissionCompleted/level_completed_Bg_Pattern.png
  artifactKey: Guid(d220a3b9c8765454680355983573619f) Importer(815301076,1909f56bfc062723c751e8b465ee728b)
Start importing Assets/Sprites/MissionCompleted/level_completed_Bg_Pattern.png using Guid(d220a3b9c8765454680355983573619f) Importer(815301076,1909f56bfc062723c751e8b465ee728b) (PreviewImporter) -> (artifact id: '363d62ec150f6f868c6a8649e5848661') in 0.0256648 seconds
Number of updated asset objects reloaded before import = 0Number of asset objects unloaded after import = 3

========================================================================
Received Import Request.
  Time since last request: 4.566337 seconds.
  path: Assets/Sprites/MissionCompleted/level_completed_Bg_Pattern.png
  artifactKey: Guid(d220a3b9c8765454680355983573619f) Importer(815301076,1909f56bfc062723c751e8b465ee728b)
Start importing Assets/Sprites/MissionCompleted/level_completed_Bg_Pattern.png using Guid(d220a3b9c8765454680355983573619f) Importer(815301076,1909f56bfc062723c751e8b465ee728b) (PreviewImporter) -> (artifact id: '80f7cf21ddc4249b91262d34097e97eb') in 0.0213654 seconds
Number of updated asset objects reloaded before import = 0Number of asset objects unloaded after import = 3

========================================================================
Received Import Request.
  Time since last request: 7.762711 seconds.
  path: Assets/Sprites/MissionCompleted/level_completed_Sparkle.png
  artifactKey: Guid(0de7635d469d3b34f8e9866262ab181a) Importer(815301076,1909f56bfc062723c751e8b465ee728b)
Start importing Assets/Sprites/MissionCompleted/level_completed_Sparkle.png using Guid(0de7635d469d3b34f8e9866262ab181a) Importer(815301076,1909f56bfc062723c751e8b465ee728b) (PreviewImporter) -> (artifact id: 'e65c5ac0f86757f5306389fe5789c33d') in 0.0332161 seconds
Number of updated asset objects reloaded before import = 0Number of asset objects unloaded after import = 3

========================================================================
Received Import Request.
  Time since last request: 7.792435 seconds.
  path: Assets/Sprites/MissionCompleted/level_completed_Sparkles.png
  artifactKey: Guid(a24152ac5d811284aaa89ded0703698a) Importer(815301076,1909f56bfc062723c751e8b465ee728b)
Start importing Assets/Sprites/MissionCompleted/level_completed_Sparkles.png using Guid(a24152ac5d811284aaa89ded0703698a) Importer(815301076,1909f56bfc062723c751e8b465ee728b) (PreviewImporter) -> (artifact id: 'b00b419d2d9586c1b80c509db687efa1') in 0.0194803 seconds
Number of updated asset objects reloaded before import = 0Number of asset objects unloaded after import = 3

========================================================================
Received Import Request.
  Time since last request: 2.870851 seconds.
  path: Assets/Sprites/MissionCompleted/level_completed_Sparkles.png
  artifactKey: Guid(a24152ac5d811284aaa89ded0703698a) Importer(815301076,1909f56bfc062723c751e8b465ee728b)
Start importing Assets/Sprites/MissionCompleted/level_completed_Sparkles.png using Guid(a24152ac5d811284aaa89ded0703698a) Importer(815301076,1909f56bfc062723c751e8b465ee728b) (PreviewImporter) -> (artifact id: 'cfbbd57f7acbda05fab6e6786934e159') in 0.0170632 seconds
Number of updated asset objects reloaded before import = 0Number of asset objects unloaded after import = 3

========================================================================
Received Import Request.
  Time since last request: 2.730673 seconds.
  path: Assets/Sprites/MissionCompleted/level_completed_Sparkles.png
  artifactKey: Guid(a24152ac5d811284aaa89ded0703698a) Importer(815301076,1909f56bfc062723c751e8b465ee728b)
Start importing Assets/Sprites/MissionCompleted/level_completed_Sparkles.png using Guid(a24152ac5d811284aaa89ded0703698a) Importer(815301076,1909f56bfc062723c751e8b465ee728b) (PreviewImporter) -> (artifact id: '2012ee6a3369983aabf68a0368de4acc') in 0.0166056 seconds
Number of updated asset objects reloaded before import = 0Number of asset objects unloaded after import = 3

========================================================================
Received Import Request.
  Time since last request: 6.235928 seconds.
  path: Assets/Sprites/MissionCompleted/level_completed_Star.png
  artifactKey: Guid(b5b0464b1ad0bc6409004f05b2b63639) Importer(815301076,1909f56bfc062723c751e8b465ee728b)
Start importing Assets/Sprites/MissionCompleted/level_completed_Star.png using Guid(b5b0464b1ad0bc6409004f05b2b63639) Importer(815301076,1909f56bfc062723c751e8b465ee728b) (PreviewImporter) -> (artifact id: '692e86cbc88b42c67864f8a0277dbfdb') in 0.0242248 seconds
Number of updated asset objects reloaded before import = 0Number of asset objects unloaded after import = 3

========================================================================
Received Import Request.
  Time since last request: 2.586808 seconds.
  path: Assets/Sprites/MissionCompleted/level_completed_Title.png
  artifactKey: Guid(c44399ece3264714a971030680e6fc5e) Importer(815301076,1909f56bfc062723c751e8b465ee728b)
Start importing Assets/Sprites/MissionCompleted/level_completed_Title.png using Guid(c44399ece3264714a971030680e6fc5e) Importer(815301076,1909f56bfc062723c751e8b465ee728b) (PreviewImporter) -> (artifact id: '73dbbc21453bcb51a149c7ec394f9615') in 0.0920848 seconds
Number of updated asset objects reloaded before import = 0Number of asset objects unloaded after import = 3

========================================================================
Received Import Request.
  Time since last request: 2.209773 seconds.
  path: Assets/Sprites/MissionCompleted/level_completed_Title.png
  artifactKey: Guid(c44399ece3264714a971030680e6fc5e) Importer(815301076,1909f56bfc062723c751e8b465ee728b)
Start importing Assets/Sprites/MissionCompleted/level_completed_Title.png using Guid(c44399ece3264714a971030680e6fc5e) Importer(815301076,1909f56bfc062723c751e8b465ee728b) (PreviewImporter) -> (artifact id: 'fa524ca4ae6bac96d8f1542bfcdd0c91') in 0.0175267 seconds
Number of updated asset objects reloaded before import = 0Number of asset objects unloaded after import = 3

========================================================================
Received Import Request.
  Time since last request: 23.872295 seconds.
  path: Assets/Sprites/Settings/Buttons/Settings_GreenButton_Pressed.png
  artifactKey: Guid(a79e23285170ed243a52627ff1e325c6) Importer(815301076,1909f56bfc062723c751e8b465ee728b)
Start importing Assets/Sprites/Settings/Buttons/Settings_GreenButton_Pressed.png using Guid(a79e23285170ed243a52627ff1e325c6) Importer(815301076,1909f56bfc062723c751e8b465ee728b) (PreviewImporter) -> (artifact id: '952a576fdc70308632afa0d1855bd8e2') in 0.0187126 seconds
Number of updated asset objects reloaded before import = 0Number of asset objects unloaded after import = 3

========================================================================
Received Import Request.
  Time since last request: 4.615912 seconds.
  path: Assets/Sprites/Settings/Buttons/SettingsPopUp_Icon_SideArrow_Pressed.png
  artifactKey: Guid(f49346c851ea42445993c3354b67bb0f) Importer(815301076,1909f56bfc062723c751e8b465ee728b)
Start importing Assets/Sprites/Settings/Buttons/SettingsPopUp_Icon_SideArrow_Pressed.png using Guid(f49346c851ea42445993c3354b67bb0f) Importer(815301076,1909f56bfc062723c751e8b465ee728b) (PreviewImporter) -> (artifact id: 'ef7c06f4aab958e5b640d843431b7c89') in 0.0203682 seconds
Number of updated asset objects reloaded before import = 0Number of asset objects unloaded after import = 3

========================================================================
Received Import Request.
  Time since last request: 3.212690 seconds.
  path: Assets/Sprites/Settings/Buttons/SettingsPopUp_CloseButton.png
  artifactKey: Guid(3b1aa40ace2961843b5feeed5d69f361) Importer(815301076,1909f56bfc062723c751e8b465ee728b)
Start importing Assets/Sprites/Settings/Buttons/SettingsPopUp_CloseButton.png using Guid(3b1aa40ace2961843b5feeed5d69f361) Importer(815301076,1909f56bfc062723c751e8b465ee728b) (PreviewImporter) -> (artifact id: 'd8c979faa25ca624d2fcd675fb48f5e4') in 0.0875024 seconds
Number of updated asset objects reloaded before import = 0Number of asset objects unloaded after import = 3

========================================================================
Received Import Request.
  Time since last request: 3.837708 seconds.
  path: Assets/Sprites/Settings/Buttons/SettingsPopUp_CloseButton.png
  artifactKey: Guid(3b1aa40ace2961843b5feeed5d69f361) Importer(815301076,1909f56bfc062723c751e8b465ee728b)
Start importing Assets/Sprites/Settings/Buttons/SettingsPopUp_CloseButton.png using Guid(3b1aa40ace2961843b5feeed5d69f361) Importer(815301076,1909f56bfc062723c751e8b465ee728b) (PreviewImporter) -> (artifact id: 'af36e61b44fa83acfbdf626074b47ae0') in 0.0175937 seconds
Number of updated asset objects reloaded before import = 0Number of asset objects unloaded after import = 3

========================================================================
Received Import Request.
  Time since last request: 6.246697 seconds.
  path: Assets/Sprites/Settings/SettingsPopUp_Bg.png
  artifactKey: Guid(75719cb1b775bc44c8d81a4770ade456) Importer(815301076,1909f56bfc062723c751e8b465ee728b)
Start importing Assets/Sprites/Settings/SettingsPopUp_Bg.png using Guid(75719cb1b775bc44c8d81a4770ade456) Importer(815301076,1909f56bfc062723c751e8b465ee728b) (PreviewImporter) -> (artifact id: '68744d87e9c7fd7ff9b4fd4ff910538d') in 0.0206756 seconds
Number of updated asset objects reloaded before import = 0Number of asset objects unloaded after import = 3

========================================================================
Received Import Request.
  Time since last request: 7.912970 seconds.
  path: Assets/Sprites/Settings/SettingsPopUp_Bg_BottomGradient.png
  artifactKey: Guid(d9ce985ea203bbb4185b0cf32dcfb383) Importer(815301076,1909f56bfc062723c751e8b465ee728b)
Start importing Assets/Sprites/Settings/SettingsPopUp_Bg_BottomGradient.png using Guid(d9ce985ea203bbb4185b0cf32dcfb383) Importer(815301076,1909f56bfc062723c751e8b465ee728b) (PreviewImporter) -> (artifact id: '6ff8f8fa751ba728d4d6160ae8f0a86f') in 0.0185252 seconds
Number of updated asset objects reloaded before import = 0Number of asset objects unloaded after import = 3

========================================================================
Received Import Request.
  Time since last request: 6.934589 seconds.
  path: Assets/Sprites/Settings/SettingsPopUp_Option_Divider.png
  artifactKey: Guid(d46e99c6a6f45bf4994e4793229964ba) Importer(815301076,1909f56bfc062723c751e8b465ee728b)
Start importing Assets/Sprites/Settings/SettingsPopUp_Option_Divider.png using Guid(d46e99c6a6f45bf4994e4793229964ba) Importer(815301076,1909f56bfc062723c751e8b465ee728b) (PreviewImporter) -> (artifact id: '27db0900395a988634b2c783a7b83f39') in 0.0172463 seconds
Number of updated asset objects reloaded before import = 0Number of asset objects unloaded after import = 3

========================================================================
Received Import Request.
  Time since last request: 5.532251 seconds.
  path: Assets/Sprites/Settings/SettingsPopUp_Option_Divider.png
  artifactKey: Guid(d46e99c6a6f45bf4994e4793229964ba) Importer(815301076,1909f56bfc062723c751e8b465ee728b)
Start importing Assets/Sprites/Settings/SettingsPopUp_Option_Divider.png using Guid(d46e99c6a6f45bf4994e4793229964ba) Importer(815301076,1909f56bfc062723c751e8b465ee728b) (PreviewImporter) -> (artifact id: 'ed96dc1959c4778aa6ad3f7c33850e16') in 0.0151586 seconds
Number of updated asset objects reloaded before import = 0Number of asset objects unloaded after import = 3

========================================================================
Received Import Request.
  Time since last request: 4.644827 seconds.
  path: Assets/Sprites/Settings/SettingsPopUp_Option_Divider.png
  artifactKey: Guid(d46e99c6a6f45bf4994e4793229964ba) Importer(815301076,1909f56bfc062723c751e8b465ee728b)
Start importing Assets/Sprites/Settings/SettingsPopUp_Option_Divider.png using Guid(d46e99c6a6f45bf4994e4793229964ba) Importer(815301076,1909f56bfc062723c751e8b465ee728b) (PreviewImporter) -> (artifact id: 'c1510e4ec5c2c2c10ad9d98d470c5d17') in 0.0160292 seconds
Number of updated asset objects reloaded before import = 0Number of asset objects unloaded after import = 3

========================================================================
Received Import Request.
  Time since last request: 7.657774 seconds.
  path: Assets/Sprites/Settings/SettingsPopUp_Options_Bg.png
  artifactKey: Guid(51826ee441825e34994c6048bc7400ef) Importer(815301076,1909f56bfc062723c751e8b465ee728b)
Start importing Assets/Sprites/Settings/SettingsPopUp_Options_Bg.png using Guid(51826ee441825e34994c6048bc7400ef) Importer(815301076,1909f56bfc062723c751e8b465ee728b) (PreviewImporter) -> (artifact id: '72e112e69ddc65063afedc9fb9607342') in 0.0235356 seconds
Number of updated asset objects reloaded before import = 0Number of asset objects unloaded after import = 3

========================================================================
Received Prepare
Begin MonoManager ReloadAssembly
[Licensing::Client] Successfully resolved entitlement details
Symbol file LoadedFromMemory is not a mono symbol file
- Loaded All Assemblies, in  0.882 seconds
Refreshing native plugins compatible for Editor in 1.07 ms, found 3 plugins.
Native extension for iOS target not found
Native extension for Android target not found
Native extension for WindowsStandalone target not found
[Package Manager] Failed to launch server process. Reason: Unity was launched with the -noUpm command-line argument
[Package Manager] Unable to send message (not connected to server process).
[Package Manager] Cannot connect to Unity Package Manager local server
Mono: successfully reloaded assembly
- Finished resetting the current domain, in  0.784 seconds
Domain Reload Profiling: 1669ms
	BeginReloadAssembly (262ms)
		ExecutionOrderSort (0ms)
		DisableScriptedObjects (6ms)
		BackupInstance (0ms)
		ReleaseScriptingObjects (0ms)
		CreateAndSetChildDomain (67ms)
	RebuildCommonClasses (43ms)
	RebuildNativeTypeToScriptingClass (14ms)
	initialDomainReloadingComplete (30ms)
	LoadAllAssembliesAndSetupDomain (535ms)
		LoadAssemblies (393ms)
		RebuildTransferFunctionScriptingTraits (0ms)
		AnalyzeDomain (261ms)
			TypeCache.Refresh (7ms)
				TypeCache.ScanAssembly (0ms)
			BuildScriptInfoCaches (234ms)
			ResolveRequiredComponents (14ms)
	FinalizeReload (784ms)
		ReleaseScriptCaches (0ms)
		RebuildScriptCaches (0ms)
		SetupLoadedEditorAssemblies (625ms)
			LogAssemblyErrors (0ms)
			InitializePlatformSupportModulesInManaged (14ms)
			SetLoadedEditorAssemblies (4ms)
			BeforeProcessingInitializeOnLoad (154ms)
			ProcessInitializeOnLoadAttributes (388ms)
			ProcessInitializeOnLoadMethodAttributes (62ms)
			AfterProcessingInitializeOnLoad (2ms)
			EditorAssembliesLoaded (0ms)
		ExecutionOrderSort2 (0ms)
		AwakeInstancesAfterBackupRestoration (8ms)
WARNING: Shader Unsupported: 'Hidden/Universal Render Pipeline/Terrain/Lit (Base Pass)' - All subshaders removed
WARNING: Shader Did you use #pragma only_renderers and omit this platform?
WARNING: Shader If subshaders removal was intentional, you may have forgotten turning Fallback off?
WARNING: Shader Unsupported: 'Hidden/Universal Render Pipeline/Terrain/Lit (Base Pass)' - All subshaders removed
WARNING: Shader Did you use #pragma only_renderers and omit this platform?
WARNING: Shader If subshaders removal was intentional, you may have forgotten turning Fallback off?
WARNING: Shader Unsupported: 'Universal Render Pipeline/Terrain/Lit' - All subshaders removed
WARNING: Shader Did you use #pragma only_renderers and omit this platform?
WARNING: Shader If subshaders removal was intentional, you may have forgotten turning Fallback off?
WARNING: Shader Unsupported: 'Universal Render Pipeline/Terrain/Lit' - All subshaders removed
WARNING: Shader Did you use #pragma only_renderers and omit this platform?
WARNING: Shader If subshaders removal was intentional, you may have forgotten turning Fallback off?
Refreshing native plugins compatible for Editor in 1.09 ms, found 3 plugins.
Preloading 0 native plugins for Editor in 0.00 ms.
Unloading 33 Unused Serialized files (Serialized files now loaded: 0)
Unloading 7220 unused Assets / (7.5 MB). Loaded Objects now: 7880.
Memory consumption went from 148.6 MB to 141.1 MB.
Total: 11.368700 ms (FindLiveObjects: 1.114300 ms CreateObjectMapping: 0.713800 ms MarkObjects: 5.422400 ms  DeleteObjects: 4.116300 ms)

Prepare: number of updated asset objects reloaded= 0
========================================================================
Received Import Request.
  Time since last request: 40.385597 seconds.
  path: Assets/Sprites/Home/Top_Bar/HomeScreen_TopBar_Star.png
  artifactKey: Guid(8df05eb9e5861494cbf42a5055a31251) Importer(815301076,1909f56bfc062723c751e8b465ee728b)
Start importing Assets/Sprites/Home/Top_Bar/HomeScreen_TopBar_Star.png using Guid(8df05eb9e5861494cbf42a5055a31251) Importer(815301076,1909f56bfc062723c751e8b465ee728b) (PreviewImporter) -> (artifact id: '4de1fce74a4ea01f450078d70c4e4880') in 0.086779 seconds
Number of updated asset objects reloaded before import = 0Number of asset objects unloaded after import = 3

========================================================================
Received Import Request.
  Time since last request: 6.231451 seconds.
  path: Assets/Sprites/Home/Top_Bar/HomeScreen_TopBar_Star.png
  artifactKey: Guid(8df05eb9e5861494cbf42a5055a31251) Importer(815301076,1909f56bfc062723c751e8b465ee728b)
Start importing Assets/Sprites/Home/Top_Bar/HomeScreen_TopBar_Star.png using Guid(8df05eb9e5861494cbf42a5055a31251) Importer(815301076,1909f56bfc062723c751e8b465ee728b) (PreviewImporter) -> (artifact id: '96d264558f6104762958aed27f81feb1') in 0.0184157 seconds
Number of updated asset objects reloaded before import = 0Number of asset objects unloaded after import = 3

========================================================================
Received Prepare
Begin MonoManager ReloadAssembly
Symbol file LoadedFromMemory is not a mono symbol file
- Loaded All Assemblies, in  0.776 seconds
Refreshing native plugins compatible for Editor in 0.88 ms, found 3 plugins.
Native extension for iOS target not found
Native extension for Android target not found
Native extension for WindowsStandalone target not found
[Package Manager] Failed to launch server process. Reason: Unity was launched with the -noUpm command-line argument
[Package Manager] Unable to send message (not connected to server process).
[Package Manager] Cannot connect to Unity Package Manager local server
Mono: successfully reloaded assembly
- Finished resetting the current domain, in  0.782 seconds
Domain Reload Profiling: 1562ms
	BeginReloadAssembly (217ms)
		ExecutionOrderSort (0ms)
		DisableScriptedObjects (6ms)
		BackupInstance (0ms)
		ReleaseScriptingObjects (0ms)
		CreateAndSetChildDomain (54ms)
	RebuildCommonClasses (37ms)
	RebuildNativeTypeToScriptingClass (14ms)
	initialDomainReloadingComplete (25ms)
	LoadAllAssembliesAndSetupDomain (486ms)
		LoadAssemblies (367ms)
		RebuildTransferFunctionScriptingTraits (0ms)
		AnalyzeDomain (224ms)
			TypeCache.Refresh (9ms)
				TypeCache.ScanAssembly (0ms)
			BuildScriptInfoCaches (199ms)
			ResolveRequiredComponents (11ms)
	FinalizeReload (782ms)
		ReleaseScriptCaches (0ms)
		RebuildScriptCaches (0ms)
		SetupLoadedEditorAssemblies (600ms)
			LogAssemblyErrors (0ms)
			InitializePlatformSupportModulesInManaged (12ms)
			SetLoadedEditorAssemblies (4ms)
			BeforeProcessingInitializeOnLoad (149ms)
			ProcessInitializeOnLoadAttributes (369ms)
			ProcessInitializeOnLoadMethodAttributes (64ms)
			AfterProcessingInitializeOnLoad (2ms)
			EditorAssembliesLoaded (0ms)
		ExecutionOrderSort2 (0ms)
		AwakeInstancesAfterBackupRestoration (11ms)
WARNING: Shader Unsupported: 'Hidden/Universal Render Pipeline/Terrain/Lit (Base Pass)' - All subshaders removed
WARNING: Shader Did you use #pragma only_renderers and omit this platform?
WARNING: Shader If subshaders removal was intentional, you may have forgotten turning Fallback off?
WARNING: Shader Unsupported: 'Hidden/Universal Render Pipeline/Terrain/Lit (Base Pass)' - All subshaders removed
WARNING: Shader Did you use #pragma only_renderers and omit this platform?
WARNING: Shader If subshaders removal was intentional, you may have forgotten turning Fallback off?
WARNING: Shader Unsupported: 'Universal Render Pipeline/Terrain/Lit' - All subshaders removed
WARNING: Shader Did you use #pragma only_renderers and omit this platform?
WARNING: Shader If subshaders removal was intentional, you may have forgotten turning Fallback off?
WARNING: Shader Unsupported: 'Universal Render Pipeline/Terrain/Lit' - All subshaders removed
WARNING: Shader Did you use #pragma only_renderers and omit this platform?
WARNING: Shader If subshaders removal was intentional, you may have forgotten turning Fallback off?
Refreshing native plugins compatible for Editor in 1.44 ms, found 3 plugins.
Preloading 0 native plugins for Editor in 0.00 ms.
Unloading 33 Unused Serialized files (Serialized files now loaded: 0)
Unloading 7220 unused Assets / (7.1 MB). Loaded Objects now: 7888.
Memory consumption went from 148.5 MB to 141.4 MB.
Total: 13.649400 ms (FindLiveObjects: 1.154700 ms CreateObjectMapping: 0.448100 ms MarkObjects: 6.739300 ms  DeleteObjects: 5.305300 ms)

Prepare: number of updated asset objects reloaded= 0
